Vivado Simulator 2018.3
Copyright 1986-1999, 2001-2018 Xilinx, Inc. All Rights Reserved.
Running: D:/Programmi/Vivado/Vivado/2018.3/bin/unwrapped/win64.o/xelab.exe -wto ccc19e1945b84675998edd886920c9eb --incr --debug typical --relax --mt 2 -L blk_mem_gen_v8_4_2 -L xil_defaultlib -L unisims_ver -L unimacro_ver -L secureip -L xpm --snapshot ALPIDE_Carrier_tb_behav xil_defaultlib.ALPIDE_Carrier_tb xil_defaultlib.glbl -log elaborate.log 
Using 2 slave threads.
Starting static elaboration
Completed static elaboration
Starting simulation data flow analysis
Completed simulation data flow analysis
Time Resolution for simulation is 1ps
Compiling package std.standard
Compiling package std.textio
Compiling package ieee.std_logic_1164
Compiling package ieee.numeric_std
Compiling package ieee.std_logic_arith
Compiling package ieee.std_logic_unsigned
Compiling package unisim.vcomponents
Compiling package vl.vl_types
Compiling module xil_defaultlib.glbl
Compiling architecture behavioral of entity xil_defaultlib.read_byte [read_byte_default]
Compiling architecture behavioral of entity xil_defaultlib.send_byte [send_byte_default]
Compiling module unisims_ver.IBUF
Compiling module unisims_ver.MMCME2_ADV(CLKFBOUT_MULT_F=10.0,...
Compiling module unisims_ver.BUFG
Compiling module unisims_ver.BUFGCE
Compiling module unisims_ver.BUFH
Compiling module xil_defaultlib.phase_shifter_clk_wiz
Compiling module xil_defaultlib.phase_shifter
Compiling module blk_mem_gen_v8_4_2.blk_mem_gen_v8_4_2_output_stage(...
Compiling module blk_mem_gen_v8_4_2.blk_mem_gen_v8_4_2_output_stage(...
Compiling module blk_mem_gen_v8_4_2.blk_mem_gen_v8_4_2_softecc_outpu...
Compiling module blk_mem_gen_v8_4_2.blk_mem_gen_v8_4_2_mem_module(C_...
Compiling module blk_mem_gen_v8_4_2.blk_mem_gen_v8_4_2(C_FAMILY="art...
Compiling module xil_defaultlib.CMD_ROM
Compiling architecture behavioral of entity xil_defaultlib.ALPIDE_Carrier [alpide_carrier_default]
Compiling architecture bench of entity xil_defaultlib.alpide_carrier_tb
Built simulation snapshot ALPIDE_Carrier_tb_behav
